#
# There is insufficient memory for the Java Runtime Environment to continue.
# Native memory allocation (malloc) failed to allocate 32744 bytes for Chunk::new
# Possible reasons:
#   The system is out of physical RAM or swap space
#   The process is running with CompressedOops enabled, and the Java Heap may be blocking the growth of the native heap
# Possible solutions:
#   Reduce memory load on the system
#   Increase physical memory or swap space
#   Check if swap backing store is full
#   Decrease Java heap size (-Xmx/-Xms)
#   Decrease number of Java threads
#   Decrease Java thread stack sizes (-Xss)
#   Set larger code cache with -XX:ReservedCodeCacheSize=
#   JVM is running with Unscaled Compressed Oops mode in which the Java heap is
#     placed in the first 4GB address space. The Java Heap base address is the
#     maximum limit for the native heap growth. Please use -XX:HeapBaseMinAddress
#     to set the Java Heap base and to place the Java Heap above 4GB virtual address.
# This output file may be truncated or incomplete.
#
#  Out of Memory Error (arena.cpp:184), pid=16040, tid=12624
#
# JRE version: Java(TM) SE Runtime Environment (19.0+36) (build 19+36-2238)
# Java VM: Java HotSpot(TM) 64-Bit Server VM (19+36-2238, mixed mode, sharing, tiered, compressed oops, compressed class ptrs, g1 gc, windows-amd64)
# No core dump will be written. Minidumps are not enabled by default on client versions of Windows
#

---------------  S U M M A R Y ------------

Command Line: -Dfile.encoding=UTF-8 --module-path=C:\Users\mecha\eclipse-workspace\PlagiarismChecker\target\classes -XX:+ShowCodeDetailsInExceptionMessages -Djdk.module.main=PlagiarismChecker PlagiarismChecker/client.Interface type the input numbers separated by spaces or newline

Host: Intel(R) Core(TM) i3-1005G1 CPU @ 1.20GHz, 4 cores, 3G,  Windows 10 , 64 bit Build 19041 (10.0.19041.2251)
Time: Mon Dec 12 09:13:56 2022 Hora padrão América do Sul Or. elapsed time: 34140.009919 seconds (0d 9h 29m 0s)

---------------  T H R E A D  ---------------

Current thread (0x00000273700c92e0):  JavaThread "C1 CompilerThread0" daemon [_thread_in_native, id=12624, stack(0x000000eb6a700000,0x000000eb6a800000)]


Current CompileTask:
C1:34140011  318       3       java.util.concurrent.locks.AbstractQueuedSynchronizer$ConditionObject::await (203 bytes)

Stack: [0x000000eb6a700000,0x000000eb6a800000]
Native frames: (J=compiled Java code, j=interpreted, Vv=VM code, C=native code)
V  [jvm.dll+0x6ee8fa]
V  [jvm.dll+0x857a1e]
V  [jvm.dll+0x85940e]
V  [jvm.dll+0x859ac3]
V  [jvm.dll+0x28291f]
V  [jvm.dll+0xc9b5f]
V  [jvm.dll+0xc9ee5]
V  [jvm.dll+0x1a35f4]
V  [jvm.dll+0x1a36ad]
V  [jvm.dll+0x1a372d]
V  [jvm.dll+0x1a5f6a]
V  [jvm.dll+0x1a7c41]
V  [jvm.dll+0x161743]
V  [jvm.dll+0x161022]
V  [jvm.dll+0x161278]
V  [jvm.dll+0x1606d6]
V  [jvm.dll+0x1623cd]
V  [jvm.dll+0x25b0fa]
V  [jvm.dll+0x259588]
V  [jvm.dll+0x807928]
V  [jvm.dll+0x8015fa]
V  [jvm.dll+0x6ed5eb]
C  [ucrtbase.dll+0x21bb2]
C  [KERNEL32.DLL+0x174b4]
C  [ntdll.dll+0x526a1]


---------------  P R O C E S S  ---------------

Threads class SMR info:
_java_thread_list=0x00000273744c29f0, length=12, elements={
0x000002735272c7c0, 0x00000273700a4730, 0x00000273700a5400, 0x00000273700a6bb0,
0x00000273700a9790, 0x00000273700aa0c0, 0x00000273700aa9f0, 0x00000273700b1f10,
0x00000273700c92e0, 0x00000273701397f0, 0x000002735498e720, 0x00000273744dae20
}

Java Threads: ( => current thread )
  0x000002735272c7c0 JavaThread "main" [_thread_in_native, id=19392, stack(0x000000eb69900000,0x000000eb69a00000)]
  0x00000273700a4730 JavaThread "Reference Handler" daemon [_thread_blocked, id=15676, stack(0x000000eb6a000000,0x000000eb6a100000)]
  0x00000273700a5400 JavaThread "Finalizer" daemon [_thread_blocked, id=5912, stack(0x000000eb6a100000,0x000000eb6a200000)]
  0x00000273700a6bb0 JavaThread "Signal Dispatcher" daemon [_thread_blocked, id=1588, stack(0x000000eb6a200000,0x000000eb6a300000)]
  0x00000273700a9790 JavaThread "Attach Listener" daemon [_thread_blocked, id=10780, stack(0x000000eb6a300000,0x000000eb6a400000)]
  0x00000273700aa0c0 JavaThread "Service Thread" daemon [_thread_blocked, id=12596, stack(0x000000eb6a400000,0x000000eb6a500000)]
  0x00000273700aa9f0 JavaThread "Monitor Deflation Thread" daemon [_thread_blocked, id=13420, stack(0x000000eb6a500000,0x000000eb6a600000)]
  0x00000273700b1f10 JavaThread "C2 CompilerThread0" daemon [_thread_blocked, id=15588, stack(0x000000eb6a600000,0x000000eb6a700000)]
=>0x00000273700c92e0 JavaThread "C1 CompilerThread0" daemon [_thread_in_native, id=12624, stack(0x000000eb6a700000,0x000000eb6a800000)]
  0x00000273701397f0 JavaThread "Sweeper thread" daemon [_thread_blocked, id=10864, stack(0x000000eb6a800000,0x000000eb6a900000)]
  0x000002735498e720 JavaThread "Common-Cleaner" daemon [_thread_blocked, id=2568, stack(0x000000eb6a900000,0x000000eb6aa00000)]
  0x00000273744dae20 JavaThread "Notification Thread" daemon [_thread_blocked, id=13168, stack(0x000000eb6aa00000,0x000000eb6ab00000)]

Other Threads:
  0x000002735499e220 VMThread "VM Thread" [stack: 0x000000eb69f00000,0x000000eb6a000000] [id=9708]
  0x00000273744f3330 WatcherThread "VM Periodic Task Thread" [stack: 0x000000eb6ab00000,0x000000eb6ac00000] [id=18228]
  0x000002735490ad70 WorkerThread "GC Thread#0" [stack: 0x000000eb69a00000,0x000000eb69b00000] [id=11968]
  0x0000027354921fb0 ConcurrentGCThread "G1 Main Marker" [stack: 0x000000eb69b00000,0x000000eb69c00000] [id=17160]
  0x0000027354922a90 WorkerThread "G1 Conc#0" [stack: 0x000000eb69c00000,0x000000eb69d00000] [id=4492]
  0x0000027354976df0 ConcurrentGCThread "G1 Refine#0" [stack: 0x000000eb69d00000,0x000000eb69e00000] [id=16952]
  0x0000027354977840 ConcurrentGCThread "G1 Service" [stack: 0x000000eb69e00000,0x000000eb69f00000] [id=312]

Threads with active compile tasks:
C1 CompilerThread0  34140090  318       3       java.util.concurrent.locks.AbstractQueuedSynchronizer$ConditionObject::await (203 bytes)

VM state: not at safepoint (normal execution)

VM Mutex/Monitor currently owned by a thread: None

Heap address: 0x00000000c3a00000, size: 966 MB, Compressed Oops mode: 32-bit

CDS archive(s) mapped at: [0x0000000800000000-0x0000000800c40000-0x0000000800c40000), size 12845056, SharedBaseAddress: 0x0000000800000000, ArchiveRelocationMode: 0.
Compressed class space mapped at: 0x0000000801000000-0x0000000841000000, reserved size: 1073741824
Narrow klass base: 0x0000000800000000, Narrow klass shift: 0, Narrow klass range: 0x100000000

GC Precious Log:
 CardTable entry size: 512
 Card Set container configuration: InlinePtr #cards 5 size 8 Array Of Cards #cards 12 size 40 Howl #buckets 4 coarsen threshold 1843 Howl Bitmap #cards 512 size 80 coarsen threshold 460 Card regions per heap region 1 cards per card region 2048
 CPUs: 4 total, 4 available
 Memory: 3862M
 Large Page Support: Disabled
 NUMA Support: Disabled
 Compressed Oops: Enabled (32-bit)
 Heap Region Size: 1M
 Heap Min Capacity: 8M
 Heap Initial Capacity: 62M
 Heap Max Capacity: 966M
 Pre-touch: Disabled
 Parallel Workers: 4
 Concurrent Workers: 1
 Concurrent Refinement Workers: 4
 Periodic GC: Disabled

Heap:
 garbage-first heap   total 63488K, used 2048K [0x00000000c3a00000, 0x0000000100000000)
  region size 1024K, 3 young (3072K), 0 survivors (0K)
 Metaspace       used 967K, committed 1152K, reserved 1114112K
  class space    used 81K, committed 192K, reserved 1048576K

Heap Regions: E=young(eden), S=young(survivor), O=old, HS=humongous(starts), HC=humongous(continues), CS=collection set, F=free, OA=open archive, CA=closed archive, TAMS=top-at-mark-start (previous, next)
|   0|0x00000000c3a00000, 0x00000000c3a00000, 0x00000000c3b00000|  0%| F|  |TAMS 0x00000000c3a00000, 0x00000000c3a00000| Untracked 
|   1|0x00000000c3b00000, 0x00000000c3b00000, 0x00000000c3c00000|  0%| F|  |TAMS 0x00000000c3b00000, 0x00000000c3b00000| Untracked 
|   2|0x00000000c3c00000, 0x00000000c3c00000, 0x00000000c3d00000|  0%| F|  |TAMS 0x00000000c3c00000, 0x00000000c3c00000| Untracked 
|   3|0x00000000c3d00000, 0x00000000c3d00000, 0x00000000c3e00000|  0%| F|  |TAMS 0x00000000c3d00000, 0x00000000c3d00000| Untracked 
|   4|0x00000000c3e00000, 0x00000000c3e00000, 0x00000000c3f00000|  0%| F|  |TAMS 0x00000000c3e00000, 0x00000000c3e00000| Untracked 
|   5|0x00000000c3f00000, 0x00000000c3f00000, 0x00000000c4000000|  0%| F|  |TAMS 0x00000000c3f00000, 0x00000000c3f00000| Untracked 
|   6|0x00000000c4000000, 0x00000000c4000000, 0x00000000c4100000|  0%| F|  |TAMS 0x00000000c4000000, 0x00000000c4000000| Untracked 
|   7|0x00000000c4100000, 0x00000000c4100000, 0x00000000c4200000|  0%| F|  |TAMS 0x00000000c4100000, 0x00000000c4100000| Untracked 
|   8|0x00000000c4200000, 0x00000000c4200000, 0x00000000c4300000|  0%| F|  |TAMS 0x00000000c4200000, 0x00000000c4200000| Untracked 
|   9|0x00000000c4300000, 0x00000000c4300000, 0x00000000c4400000|  0%| F|  |TAMS 0x00000000c4300000, 0x00000000c4300000| Untracked 
|  10|0x00000000c4400000, 0x00000000c4400000, 0x00000000c4500000|  0%| F|  |TAMS 0x00000000c4400000, 0x00000000c4400000| Untracked 
|  11|0x00000000c4500000, 0x00000000c4500000, 0x00000000c4600000|  0%| F|  |TAMS 0x00000000c4500000, 0x00000000c4500000| Untracked 
|  12|0x00000000c4600000, 0x00000000c4600000, 0x00000000c4700000|  0%| F|  |TAMS 0x00000000c4600000, 0x00000000c4600000| Untracked 
|  13|0x00000000c4700000, 0x00000000c4700000, 0x00000000c4800000|  0%| F|  |TAMS 0x00000000c4700000, 0x00000000c4700000| Untracked 
|  14|0x00000000c4800000, 0x00000000c4800000, 0x00000000c4900000|  0%| F|  |TAMS 0x00000000c4800000, 0x00000000c4800000| Untracked 
|  15|0x00000000c4900000, 0x00000000c4900000, 0x00000000c4a00000|  0%| F|  |TAMS 0x00000000c4900000, 0x00000000c4900000| Untracked 
|  16|0x00000000c4a00000, 0x00000000c4a00000, 0x00000000c4b00000|  0%| F|  |TAMS 0x00000000c4a00000, 0x00000000c4a00000| Untracked 
|  17|0x00000000c4b00000, 0x00000000c4b00000, 0x00000000c4c00000|  0%| F|  |TAMS 0x00000000c4b00000, 0x00000000c4b00000| Untracked 
|  18|0x00000000c4c00000, 0x00000000c4c00000, 0x00000000c4d00000|  0%| F|  |TAMS 0x00000000c4c00000, 0x00000000c4c00000| Untracked 
|  19|0x00000000c4d00000, 0x00000000c4d00000, 0x00000000c4e00000|  0%| F|  |TAMS 0x00000000c4d00000, 0x00000000c4d00000| Untracked 
|  20|0x00000000c4e00000, 0x00000000c4e00000, 0x00000000c4f00000|  0%| F|  |TAMS 0x00000000c4e00000, 0x00000000c4e00000| Untracked 
|  21|0x00000000c4f00000, 0x00000000c4f00000, 0x00000000c5000000|  0%| F|  |TAMS 0x00000000c4f00000, 0x00000000c4f00000| Untracked 
|  22|0x00000000c5000000, 0x00000000c5000000, 0x00000000c5100000|  0%| F|  |TAMS 0x00000000c5000000, 0x00000000c5000000| Untracked 
|  23|0x00000000c5100000, 0x00000000c5100000, 0x00000000c5200000|  0%| F|  |TAMS 0x00000000c5100000, 0x00000000c5100000| Untracked 
|  24|0x00000000c5200000, 0x00000000c5200000, 0x00000000c5300000|  0%| F|  |TAMS 0x00000000c5200000, 0x00000000c5200000| Untracked 
|  25|0x00000000c5300000, 0x00000000c5300000, 0x00000000c5400000|  0%| F|  |TAMS 0x00000000c5300000, 0x00000000c5300000| Untracked 
|  26|0x00000000c5400000, 0x00000000c5400000, 0x00000000c5500000|  0%| F|  |TAMS 0x00000000c5400000, 0x00000000c5400000| Untracked 
|  27|0x00000000c5500000, 0x00000000c5500000, 0x00000000c5600000|  0%| F|  |TAMS 0x00000000c5500000, 0x00000000c5500000| Untracked 
|  28|0x00000000c5600000, 0x00000000c5600000, 0x00000000c5700000|  0%| F|  |TAMS 0x00000000c5600000, 0x00000000c5600000| Untracked 
|  29|0x00000000c5700000, 0x00000000c5700000, 0x00000000c5800000|  0%| F|  |TAMS 0x00000000c5700000, 0x00000000c5700000| Untracked 
|  30|0x00000000c5800000, 0x00000000c5800000, 0x00000000c5900000|  0%| F|  |TAMS 0x00000000c5800000, 0x00000000c5800000| Untracked 
|  31|0x00000000c5900000, 0x00000000c5900000, 0x00000000c5a00000|  0%| F|  |TAMS 0x00000000c5900000, 0x00000000c5900000| Untracked 
|  32|0x00000000c5a00000, 0x00000000c5a00000, 0x00000000c5b00000|  0%| F|  |TAMS 0x00000000c5a00000, 0x00000000c5a00000| Untracked 
|  33|0x00000000c5b00000, 0x00000000c5b00000, 0x00000000c5c00000|  0%| F|  |TAMS 0x00000000c5b00000, 0x00000000c5b00000| Untracked 
|  34|0x00000000c5c00000, 0x00000000c5c00000, 0x00000000c5d00000|  0%| F|  |TAMS 0x00000000c5c00000, 0x00000000c5c00000| Untracked 
|  35|0x00000000c5d00000, 0x00000000c5d00000, 0x00000000c5e00000|  0%| F|  |TAMS 0x00000000c5d00000, 0x00000000c5d00000| Untracked 
|  36|0x00000000c5e00000, 0x00000000c5e00000, 0x00000000c5f00000|  0%| F|  |TAMS 0x00000000c5e00000, 0x00000000c5e00000| Untracked 
|  37|0x00000000c5f00000, 0x00000000c5f00000, 0x00000000c6000000|  0%| F|  |TAMS 0x00000000c5f00000, 0x00000000c5f00000| Untracked 
|  38|0x00000000c6000000, 0x00000000c6000000, 0x00000000c6100000|  0%| F|  |TAMS 0x00000000c6000000, 0x00000000c6000000| Untracked 
|  39|0x00000000c6100000, 0x00000000c6100000, 0x00000000c6200000|  0%| F|  |TAMS 0x00000000c6100000, 0x00000000c6100000| Untracked 
|  40|0x00000000c6200000, 0x00000000c6200000, 0x00000000c6300000|  0%| F|  |TAMS 0x00000000c6200000, 0x00000000c6200000| Untracked 
|  41|0x00000000c6300000, 0x00000000c6300000, 0x00000000c6400000|  0%| F|  |TAMS 0x00000000c6300000, 0x00000000c6300000| Untracked 
|  42|0x00000000c6400000, 0x00000000c6400000, 0x00000000c6500000|  0%| F|  |TAMS 0x00000000c6400000, 0x00000000c6400000| Untracked 
|  43|0x00000000c6500000, 0x00000000c6500000, 0x00000000c6600000|  0%| F|  |TAMS 0x00000000c6500000, 0x00000000c6500000| Untracked 
|  44|0x00000000c6600000, 0x00000000c6600000, 0x00000000c6700000|  0%| F|  |TAMS 0x00000000c6600000, 0x00000000c6600000| Untracked 
|  45|0x00000000c6700000, 0x00000000c6700000, 0x00000000c6800000|  0%| F|  |TAMS 0x00000000c6700000, 0x00000000c6700000| Untracked 
|  46|0x00000000c6800000, 0x00000000c6800000, 0x00000000c6900000|  0%| F|  |TAMS 0x00000000c6800000, 0x00000000c6800000| Untracked 
|  47|0x00000000c6900000, 0x00000000c6900000, 0x00000000c6a00000|  0%| F|  |TAMS 0x00000000c6900000, 0x00000000c6900000| Untracked 
|  48|0x00000000c6a00000, 0x00000000c6a00000, 0x00000000c6b00000|  0%| F|  |TAMS 0x00000000c6a00000, 0x00000000c6a00000| Untracked 
|  49|0x00000000c6b00000, 0x00000000c6b00000, 0x00000000c6c00000|  0%| F|  |TAMS 0x00000000c6b00000, 0x00000000c6b00000| Untracked 
|  50|0x00000000c6c00000, 0x00000000c6c00000, 0x00000000c6d00000|  0%| F|  |TAMS 0x00000000c6c00000, 0x00000000c6c00000| Untracked 
|  51|0x00000000c6d00000, 0x00000000c6d00000, 0x00000000c6e00000|  0%| F|  |TAMS 0x00000000c6d00000, 0x00000000c6d00000| Untracked 
|  52|0x00000000c6e00000, 0x00000000c6e00000, 0x00000000c6f00000|  0%| F|  |TAMS 0x00000000c6e00000, 0x00000000c6e00000| Untracked 
|  53|0x00000000c6f00000, 0x00000000c6f00000, 0x00000000c7000000|  0%| F|  |TAMS 0x00000000c6f00000, 0x00000000c6f00000| Untracked 
|  54|0x00000000c7000000, 0x00000000c7000000, 0x00000000c7100000|  0%| F|  |TAMS 0x00000000c7000000, 0x00000000c7000000| Untracked 
|  55|0x00000000c7100000, 0x00000000c7100000, 0x00000000c7200000|  0%| F|  |TAMS 0x00000000c7100000, 0x00000000c7100000| Untracked 
|  56|0x00000000c7200000, 0x00000000c7200000, 0x00000000c7300000|  0%| F|  |TAMS 0x00000000c7200000, 0x00000000c7200000| Untracked 
|  57|0x00000000c7300000, 0x00000000c7300000, 0x00000000c7400000|  0%| F|  |TAMS 0x00000000c7300000, 0x00000000c7300000| Untracked 
|  58|0x00000000c7400000, 0x00000000c7400000, 0x00000000c7500000|  0%| F|  |TAMS 0x00000000c7400000, 0x00000000c7400000| Untracked 
|  59|0x00000000c7500000, 0x00000000c75c8338, 0x00000000c7600000| 78%| E|  |TAMS 0x00000000c7500000, 0x00000000c7500000| Complete 
|  60|0x00000000c7600000, 0x00000000c7700000, 0x00000000c7700000|100%| E|CS|TAMS 0x00000000c7600000, 0x00000000c7600000| Complete 
|  61|0x00000000c7700000, 0x00000000c7800000, 0x00000000c7800000|100%| E|CS|TAMS 0x00000000c7700000, 0x00000000c7700000| Complete 

Card table byte_map: [0x000002736ba20000,0x000002736bc10000] _byte_map_base: 0x000002736b403000

Marking Bits (Prev, Next): (CMBitMap*) 0x000002735490b2b0, (CMBitMap*) 0x000002735490b2f0
 Prev Bits: [0x000002736be00000, 0x000002736cd18000)
 Next Bits: [0x000002736cd20000, 0x000002736dc38000)

Polling page: 0x0000027352800000

Metaspace:

Usage:
  Non-class:    886.44 KB used.
      Class:     81.20 KB used.
       Both:    967.63 KB used.

Virtual space:
  Non-class space:       64.00 MB reserved,     960.00 KB (  1%) committed,  1 nodes.
      Class space:        1.00 GB reserved,     192.00 KB ( <1%) committed,  1 nodes.
             Both:        1.06 GB reserved,       1.12 MB ( <1%) committed. 

Chunk freelists:
   Non-Class:  3.92 MB
       Class:  3.73 MB
        Both:  7.66 MB

MaxMetaspaceSize: unlimited
CompressedClassSpaceSize: 1.00 GB
Initial GC threshold: 21.00 MB
Current GC threshold: 21.00 MB
CDS: on
MetaspaceReclaimPolicy: balanced
 - commit_granule_bytes: 65536.
 - commit_granule_words: 8192.
 - virtual_space_node_default_size: 8388608.
 - enlarge_chunks_in_place: 1.
 - new_chunks_are_fully_committed: 0.
 - uncommit_free_chunks: 1.
 - use_allocation_guard: 0.


Internal statistics:

num_allocs_failed_limit: 0.
num_arena_births: 14.
num_arena_deaths: 0.
num_vsnodes_births: 2.
num_vsnodes_deaths: 0.
num_space_committed: 18.
num_space_uncommitted: 0.
num_chunks_returned_to_freelist: 0.
num_chunks_taken_from_freelist: 24.
num_chunk_merges: 0.
num_chunk_splits: 13.
num_chunks_enlarged: 6.
num_inconsistent_stats: 0.

CodeHeap 'non-profiled nmethods': size=120000Kb used=100Kb max_used=100Kb free=119899Kb
 bounds [0x0000027364300000, 0x0000027364570000, 0x000002736b830000]
CodeHeap 'profiled nmethods': size=120000Kb used=393Kb max_used=393Kb free=119606Kb
 bounds [0x000002735c830000, 0x000002735caa0000, 0x0000027363d60000]
CodeHeap 'non-nmethods': size=5760Kb used=1219Kb max_used=1233Kb free=4540Kb
 bounds [0x0000027363d60000, 0x0000027363fd0000, 0x0000027364300000]
 total_blobs=720 nmethods=316 adapters=315
 compilation: enabled
              stopped_count=0, restarted_count=0
 full_count=0

Compilation events (20 events):
Event: 12661.984 Thread 0x00000273700c92e0 nmethod 306 0x000002735c88e510 code [0x000002735c88e6a0, 0x000002735c88e7b8]
Event: 15122.305 Thread 0x00000273700c92e0  307   !   3       java.util.concurrent.locks.LockSupport::parkNanos (56 bytes)
Event: 15122.313 Thread 0x00000273700c92e0 nmethod 307 0x000002735c88e890 code [0x000002735c88ea80, 0x000002735c88eee8]
Event: 15302.341 Thread 0x00000273700c92e0  309   !   3       jdk.internal.ref.PhantomCleanable::isListEmpty (34 bytes)
Event: 15302.350 Thread 0x00000273700c92e0 nmethod 309 0x000002735c88f090 code [0x000002735c88f240, 0x000002735c88f498]
Event: 15302.351 Thread 0x00000273700c92e0  310       3       jdk.internal.misc.InnocuousThread::eraseThreadLocals (23 bytes)
Event: 15302.352 Thread 0x00000273700c92e0 nmethod 310 0x000002735c88f590 code [0x000002735c88f740, 0x000002735c88f938]
Event: 15302.353 Thread 0x00000273700c92e0  311   !   3       java.lang.ref.ReferenceQueue::remove (61 bytes)
Event: 15302.360 Thread 0x00000273700c92e0 nmethod 311 0x000002735c88fa10 code [0x000002735c88fc80, 0x000002735c890848]
Event: 15362.350 Thread 0x00000273700c92e0  312       3       jdk.internal.misc.Unsafe::getAndBitwiseAndInt (27 bytes)
Event: 15362.351 Thread 0x00000273700c92e0 nmethod 312 0x000002735c890c10 code [0x000002735c890dc0, 0x000002735c891008]
Event: 15362.351 Thread 0x00000273700c92e0  313       3       java.util.concurrent.locks.AbstractQueuedSynchronizer$Node::clearStatus (12 bytes)
Event: 15362.352 Thread 0x00000273700c92e0 nmethod 313 0x000002735c891110 code [0x000002735c8912c0, 0x000002735c891488]
Event: 15362.352 Thread 0x00000273700c92e0  314       3       jdk.internal.misc.Unsafe::putIntOpaque (9 bytes)
Event: 15362.352 Thread 0x00000273700c92e0 nmethod 314 0x000002735c891510 code [0x000002735c8916a0, 0x000002735c8917b8]
Event: 16262.492 Thread 0x00000273700c92e0  315       3       java.util.concurrent.locks.AbstractQueuedSynchronizer$Node::getAndUnsetStatus (14 bytes)
Event: 16262.502 Thread 0x00000273700c92e0 nmethod 315 0x000002735c891890 code [0x000002735c891a40, 0x000002735c891d48]
Event: 34139.939 Thread 0x00000273700c92e0  316       3       java.lang.ref.ReferenceQueue::remove0 (64 bytes)
Event: 34139.960 Thread 0x00000273700c92e0 nmethod 316 0x000002735c891e90 code [0x000002735c892080, 0x000002735c892528]
Event: 34139.961 Thread 0x00000273700c92e0  318       3       java.util.concurrent.locks.AbstractQueuedSynchronizer$ConditionObject::await (203 bytes)

GC Heap History (0 events):
No events

Dll operation events (5 events):
Event: 0.023 Loaded shared library C:\Program Files\Java\jdk-19\bin\java.dll
Event: 0.039 Loaded shared library C:\Program Files\Java\jdk-19\bin\jsvml.dll
Event: 0.152 Loaded shared library C:\Program Files\Java\jdk-19\bin\net.dll
Event: 0.155 Loaded shared library C:\Program Files\Java\jdk-19\bin\nio.dll
Event: 0.250 Loaded shared library C:\Program Files\Java\jdk-19\bin\jimage.dll

Deoptimization events (8 events):
Event: 0.231 Thread 0x000002735272c7c0 Uncommon trap: trap_request=0xffffff45 fr.pc=0x0000027364308b44 relative=0x00000000000000a4
Event: 0.231 Thread 0x000002735272c7c0 Uncommon trap: reason=unstable_if action=reinterpret pc=0x0000027364308b44 method=java.lang.String.isLatin1()Z @ 10 c2
Event: 0.231 Thread 0x000002735272c7c0 DEOPT PACKING pc=0x0000027364308b44 sp=0x000000eb699ff130
Event: 0.231 Thread 0x000002735272c7c0 DEOPT UNPACKING pc=0x0000027363dca5a3 sp=0x000000eb699ff070 mode 2
Event: 0.328 Thread 0x000002735272c7c0 Uncommon trap: trap_request=0xffffff45 fr.pc=0x0000027364313ec4 relative=0x00000000000005c4
Event: 0.328 Thread 0x000002735272c7c0 Uncommon trap: reason=unstable_if action=reinterpret pc=0x0000027364313ec4 method=java.util.regex.Matcher.search(I)Z @ 30 c2
Event: 0.328 Thread 0x000002735272c7c0 DEOPT PACKING pc=0x0000027364313ec4 sp=0x000000eb699ff3e0
Event: 0.329 Thread 0x000002735272c7c0 DEOPT UNPACKING pc=0x0000027363dca5a3 sp=0x000000eb699ff3d0 mode 2

Classes loaded (20 events):
Event: 0.276 Loading class sun/util/resources/LocaleData$CommonResourceBundleProvider
Event: 0.276 Loading class sun/util/resources/LocaleData$LocaleDataResourceBundleProvider
Event: 0.276 Loading class java/util/spi/ResourceBundleProvider
Event: 0.276 Loading class java/util/spi/ResourceBundleProvider done
Event: 0.276 Loading class sun/util/resources/LocaleData$LocaleDataResourceBundleProvider done
Event: 0.276 Loading class sun/util/resources/LocaleData$CommonResourceBundleProvider done
Event: 0.284 Loading class sun/util/resources/Bundles$2
Event: 0.285 Loading class sun/util/resources/Bundles$2 done
Event: 0.286 Loading class java/lang/InstantiationException
Event: 0.294 Loading class java/lang/InstantiationException done
Event: 0.294 Loading class java/lang/IllegalAccessException
Event: 0.294 Loading class java/lang/IllegalAccessException done
Event: 3.753 Loading class java/util/regex/Matcher$ImmutableMatchResult
Event: 3.754 Loading class java/util/regex/Matcher$ImmutableMatchResult done
Event: 7.860 Loading class java/nio/channels/spi/AbstractInterruptibleChannel$1
Event: 7.861 Loading class sun/nio/ch/Interruptible
Event: 7.861 Loading class sun/nio/ch/Interruptible done
Event: 7.861 Loading class java/nio/channels/spi/AbstractInterruptibleChannel$1 done
Event: 7.866 Loading class java/lang/AssertionError
Event: 7.866 Loading class java/lang/AssertionError done

Classes unloaded (0 events):
No events

Classes redefined (0 events):
No events

Internal exceptions (2 events):
Event: 0.184 Thread 0x000002735272c7c0 Exception <a 'java/lang/NoSuchMethodError'{0x00000000c762ff70}: 'void java.lang.invoke.DirectMethodHandle$Holder.invokeVirtual(java.lang.Object, java.lang.Object)'> (0x00000000c762ff70) 
thrown [s\open\src\hotspot\share\interpreter\linkResolver.cpp, line 774]
Event: 7.878 Thread 0x000002735272c7c0 Exception <a 'java/io/FileNotFoundException'{0x00000000c75af808}> (0x00000000c75af808) 
thrown [s\open\src\hotspot\share\prims\jni.cpp, line 517]

VM Operations (10 events):
Event: 0.213 Executing VM operation: HandshakeAllThreads
Event: 0.213 Executing VM operation: HandshakeAllThreads done
Event: 1.227 Executing VM operation: Cleanup
Event: 1.228 Executing VM operation: Cleanup done
Event: 4.262 Executing VM operation: Cleanup
Event: 4.262 Executing VM operation: Cleanup done
Event: 1740.636 Executing VM operation: Cleanup
Event: 1740.639 Executing VM operation: Cleanup done
Event: 9421.878 Executing VM operation: Cleanup
Event: 9421.880 Executing VM operation: Cleanup done

Events (12 events):
Event: 0.040 Thread 0x000002735272c7c0 Thread added: 0x000002735272c7c0
Event: 0.064 Thread 0x00000273700a4730 Thread added: 0x00000273700a4730
Event: 0.064 Thread 0x00000273700a5400 Thread added: 0x00000273700a5400
Event: 0.065 Thread 0x00000273700a6bb0 Thread added: 0x00000273700a6bb0
Event: 0.065 Thread 0x00000273700a9790 Thread added: 0x00000273700a9790
Event: 0.065 Thread 0x00000273700aa0c0 Thread added: 0x00000273700aa0c0
Event: 0.065 Thread 0x00000273700aa9f0 Thread added: 0x00000273700aa9f0
Event: 0.066 Thread 0x00000273700b1f10 Thread added: 0x00000273700b1f10
Event: 0.067 Thread 0x00000273700c92e0 Thread added: 0x00000273700c92e0
Event: 0.069 Thread 0x00000273701397f0 Thread added: 0x00000273701397f0
Event: 0.136 Thread 0x000002735498e720 Thread added: 0x000002735498e720
Event: 0.228 Thread 0x00000273744dae20 Thread added: 0x00000273744dae20


Dynamic libraries:
0x00007ff6928c0000 - 0x00007ff6928d0000 	C:\Program Files\Java\jdk-19\bin\javaw.exe
0x00007ffc968f0000 - 0x00007ffc96ae8000 	C:\WINDOWS\SYSTEM32\ntdll.dll
0x00007ffc949a0000 - 0x00007ffc94a5f000 	C:\WINDOWS\System32\KERNEL32.DLL
0x00007ffc94570000 - 0x00007ffc94842000 	C:\WINDOWS\System32\KERNELBASE.dll
0x00007ffc93ff0000 - 0x00007ffc940f0000 	C:\WINDOWS\System32\ucrtbase.dll
0x00007ffc80200000 - 0x00007ffc80218000 	C:\Program Files\Java\jdk-19\bin\jli.dll
0x00007ffc954f0000 - 0x00007ffc9559e000 	C:\WINDOWS\System32\ADVAPI32.dll
0x00007ffc94b50000 - 0x00007ffc94bee000 	C:\WINDOWS\System32\msvcrt.dll
0x00007ffc94ce0000 - 0x00007ffc94d7c000 	C:\WINDOWS\System32\sechost.dll
0x00007ffc955a0000 - 0x00007ffc956c5000 	C:\WINDOWS\System32\RPCRT4.dll
0x00007ffc7d4e0000 - 0x00007ffc7d4fb000 	C:\Program Files\Java\jdk-19\bin\VCRUNTIME140.dll
0x00007ffc961c0000 - 0x00007ffc9635d000 	C:\WINDOWS\System32\USER32.dll
0x00007ffc94190000 - 0x00007ffc941b2000 	C:\WINDOWS\System32\win32u.dll
0x00007ffc96190000 - 0x00007ffc961bb000 	C:\WINDOWS\System32\GDI32.dll
0x00007ffc943d0000 - 0x00007ffc944df000 	C:\WINDOWS\System32\gdi32full.dll
0x00007ffc7fa60000 - 0x00007ffc7fcfa000 	C:\WINDOWS\WinSxS\amd64_microsoft.windows.common-controls_6595b64144ccf1df_6.0.19041.1110_none_60b5254171f9507e\COMCTL32.dll
0x00007ffc948a0000 - 0x00007ffc9493d000 	C:\WINDOWS\System32\msvcp_win.dll
0x00007ffc8c760000 - 0x00007ffc8c76a000 	C:\WINDOWS\SYSTEM32\VERSION.dll
0x00007ffc94bf0000 - 0x00007ffc94c22000 	C:\WINDOWS\System32\IMM32.DLL
0x00007ffc8f290000 - 0x00007ffc8f29c000 	C:\Program Files\Java\jdk-19\bin\vcruntime140_1.dll
0x00007ffc7b260000 - 0x00007ffc7b2ee000 	C:\Program Files\Java\jdk-19\bin\msvcp140.dll
0x00007ffc53e90000 - 0x00007ffc54b50000 	C:\Program Files\Java\jdk-19\bin\server\jvm.dll
0x00007ffc7aae0000 - 0x00007ffc7aae9000 	C:\WINDOWS\SYSTEM32\WSOCK32.dll
0x00007ffc950c0000 - 0x00007ffc9512b000 	C:\WINDOWS\System32\WS2_32.dll
0x00007ffc8e460000 - 0x00007ffc8e487000 	C:\WINDOWS\SYSTEM32\WINMM.dll
0x00007ffc92840000 - 0x00007ffc92852000 	C:\WINDOWS\SYSTEM32\kernel.appcore.dll
0x00007ffc8f220000 - 0x00007ffc8f22a000 	C:\Program Files\Java\jdk-19\bin\jimage.dll
0x00007ffc91da0000 - 0x00007ffc91f84000 	C:\WINDOWS\SYSTEM32\DBGHELP.DLL
0x00007ffc8e360000 - 0x00007ffc8e38c000 	C:\WINDOWS\SYSTEM32\dbgcore.DLL
0x00007ffc944e0000 - 0x00007ffc94562000 	C:\WINDOWS\System32\bcryptPrimitives.dll
0x00007ffc78880000 - 0x00007ffc788a6000 	C:\Program Files\Java\jdk-19\bin\java.dll
0x00007ffc71230000 - 0x00007ffc71307000 	C:\Program Files\Java\jdk-19\bin\jsvml.dll
0x00007ffc95a40000 - 0x00007ffc96183000 	C:\WINDOWS\System32\SHELL32.dll
0x00007ffc91f90000 - 0x00007ffc92722000 	C:\WINDOWS\SYSTEM32\windows.storage.dll
0x00007ffc95130000 - 0x00007ffc95484000 	C:\WINDOWS\System32\combase.dll
0x00007ffc93970000 - 0x00007ffc939a0000 	C:\WINDOWS\SYSTEM32\Wldp.dll
0x00007ffc94c30000 - 0x00007ffc94cdd000 	C:\WINDOWS\System32\SHCORE.dll
0x00007ffc94940000 - 0x00007ffc94995000 	C:\WINDOWS\System32\shlwapi.dll
0x00007ffc93f30000 - 0x00007ffc93f4f000 	C:\WINDOWS\SYSTEM32\profapi.dll
0x00007ffc780a0000 - 0x00007ffc780b3000 	C:\Program Files\Java\jdk-19\bin\net.dll
0x00007ffc86020000 - 0x00007ffc8612c000 	C:\WINDOWS\SYSTEM32\WINHTTP.dll
0x00007ffc936d0000 - 0x00007ffc9373a000 	C:\WINDOWS\system32\mswsock.dll
0x00007ffc78080000 - 0x00007ffc78096000 	C:\Program Files\Java\jdk-19\bin\nio.dll

dbghelp: loaded successfully - version: 4.0.5 - missing functions: none
symbol engine: initialized successfully - sym options: 0x614 - pdb path: .;C:\Program Files\Java\jdk-19\bin;C:\WINDOWS\SYSTEM32;C:\WINDOWS\WinSxS\amd64_microsoft.windows.common-controls_6595b64144ccf1df_6.0.19041.1110_none_60b5254171f9507e;C:\Program Files\Java\jdk-19\bin\server

VM Arguments:
jvm_args: -Dfile.encoding=UTF-8 --module-path=C:\Users\mecha\eclipse-workspace\PlagiarismChecker\target\classes -XX:+ShowCodeDetailsInExceptionMessages -Djdk.module.main=PlagiarismChecker 
java_command: PlagiarismChecker/client.Interface type the input numbers separated by spaces or newline
java_class_path (initial): <not set>
Launcher Type: SUN_STANDARD

[Global flags]
     intx CICompilerCount                          = 3                                         {product} {ergonomic}
     uint ConcGCThreads                            = 1                                         {product} {ergonomic}
     uint G1ConcRefinementThreads                  = 4                                         {product} {ergonomic}
   size_t G1HeapRegionSize                         = 1048576                                   {product} {ergonomic}
    uintx GCDrainStackTargetSize                   = 64                                        {product} {ergonomic}
   size_t InitialHeapSize                          = 65011712                                  {product} {ergonomic}
   size_t MarkStackSize                            = 4194304                                   {product} {ergonomic}
   size_t MaxHeapSize                              = 1012924416                                {product} {ergonomic}
   size_t MaxNewSize                               = 607125504                                 {product} {ergonomic}
   size_t MinHeapDeltaBytes                        = 1048576                                   {product} {ergonomic}
   size_t MinHeapSize                              = 8388608                                   {product} {ergonomic}
    uintx NonNMethodCodeHeapSize                   = 5832780                                {pd product} {ergonomic}
    uintx NonProfiledCodeHeapSize                  = 122912730                              {pd product} {ergonomic}
    uintx ProfiledCodeHeapSize                     = 122912730                              {pd product} {ergonomic}
    uintx ReservedCodeCacheSize                    = 251658240                              {pd product} {ergonomic}
     bool SegmentedCodeCache                       = true                                      {product} {ergonomic}
     bool ShowCodeDetailsInExceptionMessages       = true                                   {manageable} {command line}
   size_t SoftMaxHeapSize                          = 1012924416                             {manageable} {ergonomic}
     bool UseCompressedClassPointers               = true                           {product lp64_product} {ergonomic}
     bool UseCompressedOops                        = true                           {product lp64_product} {ergonomic}
     bool UseG1GC                                  = true                                      {product} {ergonomic}
     bool UseLargePagesIndividualAllocation        = false                                  {pd product} {ergonomic}

Logging:
Log output configuration:
 #0: stdout all=warning uptime,level,tags foldmultilines=false
 #1: stderr all=off uptime,level,tags foldmultilines=false

Environment Variables:
PATH=C:\Program Files\Common Files\Oracle\Java\javapath;C:\WINDOWS\system32;C:\WINDOWS;C:\WINDOWS\System32\Wbem;C:\WINDOWS\System32\WindowsPowerShell\v1.0\;C:\WINDOWS\System32\OpenSSH\;C:\Program Files\nodejs\;C:\Program Files\Git\cmd;C:\Users\mecha\AppData\Local\Microsoft\WindowsApps;C:\Users\mecha\AppData\Local\Programs\Microsoft VS Code\bin;C:\Users\mecha\AppData\Roaming\npm;C:\Program Files\heroku\bin;C:\msys64\mingw64\bin;
USERNAME=mecha
LANG=PT
OS=Windows_NT
PROCESSOR_IDENTIFIER=Intel64 Family 6 Model 126 Stepping 5, GenuineIntel
TMP=C:\Users\mecha\AppData\Local\Temp
TEMP=C:\Users\mecha\AppData\Local\Temp



---------------  S Y S T E M  ---------------

OS:
 Windows 10 , 64 bit Build 19041 (10.0.19041.2251)
OS uptime: 6 days 2:47 hours

CPU: total 4 (initial active 4) (2 cores per cpu, 2 threads per core) family 6 model 126 stepping 5 microcode 0xb2, cx8, cmov, fxsr, ht, mmx, 3dnowpref, sse, sse2, sse3, ssse3, sse4.1, sse4.2, popcnt, lzcnt, tsc, tscinvbit, avx, avx2, aes, erms, clmul, bmi1, bmi2, adx, avx512f, avx512dq, avx512cd, avx512bw, avx512vl, sha, fma, vzeroupper, avx512_vpopcntdq, avx512_vpclmulqdq, avx512_vaes, avx512_vnni, clflush, clflushopt, avx512_vbmi2, avx512_vbmi, rdtscp, rdpid, fsrm, gfni, avx512_bitalg

Memory: 4k page, system-wide physical 3862M (515M free)
TotalPageFile size 15638M (AvailPageFile size 452M)
current process WorkingSet (physical memory assigned to process): 6M, peak: 35M
current process commit charge ("private bytes"): 134M, peak: 135M

vm_info: Java HotSpot(TM) 64-Bit Server VM (19+36-2238) for windows-amd64 JRE (19+36-2238), built on 2022-08-12T20:29:01Z by "mach5one" with MS VC++ 17.1 (VS2022)

END.
