#
# There is insufficient memory for the Java Runtime Environment to continue.
# Native memory allocation (mmap) failed to map 65011712 bytes for G1 virtual space
# Possible reasons:
#   The system is out of physical RAM or swap space
#   The process is running with CompressedOops enabled, and the Java Heap may be blocking the growth of the native heap
# Possible solutions:
#   Reduce memory load on the system
#   Increase physical memory or swap space
#   Check if swap backing store is full
#   Decrease Java heap size (-Xmx/-Xms)
#   Decrease number of Java threads
#   Decrease Java thread stack sizes (-Xss)
#   Set larger code cache with -XX:ReservedCodeCacheSize=
#   JVM is running with Unscaled Compressed Oops mode in which the Java heap is
#     placed in the first 4GB address space. The Java Heap base address is the
#     maximum limit for the native heap growth. Please use -XX:HeapBaseMinAddress
#     to set the Java Heap base and to place the Java Heap above 4GB virtual address.
# This output file may be truncated or incomplete.
#
#  Out of Memory Error (os_windows.cpp:3527), pid=2980, tid=16852
#
# JRE version:  (19.0+36) (build )
# Java VM: Java HotSpot(TM) 64-Bit Server VM (19+36-2238, mixed mode, sharing, tiered, compressed oops, compressed class ptrs, g1 gc, windows-amd64)
# No core dump will be written. Minidumps are not enabled by default on client versions of Windows
#

---------------  S U M M A R Y ------------

Command Line: -Dfile.encoding=UTF-8 --module-path=C:\Users\mecha\eclipse-workspace\PlagiarismChecker\target\classes -XX:+ShowCodeDetailsInExceptionMessages -Djdk.module.main=PlagiarismChecker PlagiarismChecker/client.Interface type the input numbers separated by spaces or newline

Host: Intel(R) Core(TM) i3-1005G1 CPU @ 1.20GHz, 4 cores, 3G,  Windows 10 , 64 bit Build 19041 (10.0.19041.2251)
Time: Mon Dec 12 03:56:00 2022 Hora padrão América do Sul Or. elapsed time: 0.010697 seconds (0d 0h 0m 0s)

---------------  T H R E A D  ---------------

Current thread (0x000001fc300f9460):  JavaThread "Unknown thread" [_thread_in_vm, id=16852, stack(0x000000bb93400000,0x000000bb93500000)]

Stack: [0x000000bb93400000,0x000000bb93500000]
Native frames: (J=compiled Java code, j=interpreted, Vv=VM code, C=native code)
V  [jvm.dll+0x6ee8fa]
V  [jvm.dll+0x857a1e]
V  [jvm.dll+0x85940e]
V  [jvm.dll+0x859ac3]
V  [jvm.dll+0x28291f]
V  [jvm.dll+0x6eb6e9]
V  [jvm.dll+0x6e028a]
V  [jvm.dll+0x357136]
V  [jvm.dll+0x35eb96]
V  [jvm.dll+0x3b555e]
V  [jvm.dll+0x3b578f]
V  [jvm.dll+0x32c6ea]
V  [jvm.dll+0x32d59e]
V  [jvm.dll+0x821b20]
V  [jvm.dll+0x3c27c1]
V  [jvm.dll+0x8022f1]
V  [jvm.dll+0x44b30f]
V  [jvm.dll+0x44cc91]
C  [jli.dll+0x5287]
C  [ucrtbase.dll+0x21bb2]
C  [KERNEL32.DLL+0x174b4]
C  [ntdll.dll+0x526a1]


---------------  P R O C E S S  ---------------

Threads class SMR info:
_java_thread_list=0x00007ffc54a0d048, length=0, elements={
}

Java Threads: ( => current thread )

Other Threads:
  0x000001fc3013a100 WorkerThread "GC Thread#0" [stack: 0x000000bb93500000,0x000000bb93600000] [id=10028]
  0x000001fc30142830 ConcurrentGCThread "G1 Main Marker" [stack: 0x000000bb93600000,0x000000bb93700000] [id=2136]
  0x000001fc30143310 WorkerThread "G1 Conc#0" [stack: 0x000000bb93700000,0x000000bb93800000] [id=5952]

[error occurred during error reporting (printing all threads), id 0xc0000005, EXCEPTION_ACCESS_VIOLATION (0xc0000005) at pc=0x00007ffc541cd127]

VM state: not at safepoint (not fully initialized)

VM Mutex/Monitor currently owned by a thread:  ([mutex/lock_event])
[0x000001fc300f6eb0] Heap_lock - owner thread: 0x000001fc300f9460

Heap address: 0x00000000c3a00000, size: 966 MB, Compressed Oops mode: 32-bit

CDS archive(s) mapped at: [0x0000000000000000-0x0000000000000000-0x0000000000000000), size 0, SharedBaseAddress: 0x0000000800000000, ArchiveRelocationMode: 0.
Narrow klass base: 0x0000000000000000, Narrow klass shift: 0, Narrow klass range: 0x0

GC Precious Log:
 CardTable entry size: 512
 Card Set container configuration: InlinePtr #cards 5 size 8 Array Of Cards #cards 12 size 40 Howl #buckets 4 coarsen threshold 1843 Howl Bitmap #cards 512 size 80 coarsen threshold 460 Card regions per heap region 1 cards per card region 2048

Heap:
 garbage-first heap   total 0K, used 0K [0x00000000c3a00000, 0x0000000100000000)
  region size 1024K, 0 young (0K), 0 survivors (0K)

[error occurred during error reporting (printing heap information), id 0xc0000005, EXCEPTION_ACCESS_VIOLATION (0xc0000005) at pc=0x00007ffc545d6959]

GC Heap History (0 events):
No events

Dll operation events (1 events):
Event: 0.006 Loaded shared library C:\Program Files\Java\jdk-19\bin\java.dll

Deoptimization events (0 events):
No events

Classes loaded (0 events):
No events

Classes unloaded (0 events):
No events

Classes redefined (0 events):
No events

Internal exceptions (0 events):
No events

VM Operations (0 events):
No events

Events (0 events):
No events


Dynamic libraries:
0x00007ff6928c0000 - 0x00007ff6928d0000 	C:\Program Files\Java\jdk-19\bin\javaw.exe
0x00007ffc968f0000 - 0x00007ffc96ae8000 	C:\WINDOWS\SYSTEM32\ntdll.dll
0x00007ffc949a0000 - 0x00007ffc94a5f000 	C:\WINDOWS\System32\KERNEL32.DLL
0x00007ffc94570000 - 0x00007ffc94842000 	C:\WINDOWS\System32\KERNELBASE.dll
0x00007ffc93ff0000 - 0x00007ffc940f0000 	C:\WINDOWS\System32\ucrtbase.dll
0x00007ffc7d4e0000 - 0x00007ffc7d4fb000 	C:\Program Files\Java\jdk-19\bin\VCRUNTIME140.dll
0x00007ffc80200000 - 0x00007ffc80218000 	C:\Program Files\Java\jdk-19\bin\jli.dll
0x00007ffc954f0000 - 0x00007ffc9559e000 	C:\WINDOWS\System32\ADVAPI32.dll
0x00007ffc94b50000 - 0x00007ffc94bee000 	C:\WINDOWS\System32\msvcrt.dll
0x00007ffc94ce0000 - 0x00007ffc94d7c000 	C:\WINDOWS\System32\sechost.dll
0x00007ffc955a0000 - 0x00007ffc956c5000 	C:\WINDOWS\System32\RPCRT4.dll
0x00007ffc7fa60000 - 0x00007ffc7fcfa000 	C:\WINDOWS\WinSxS\amd64_microsoft.windows.common-controls_6595b64144ccf1df_6.0.19041.1110_none_60b5254171f9507e\COMCTL32.dll
0x00007ffc961c0000 - 0x00007ffc9635d000 	C:\WINDOWS\System32\USER32.dll
0x00007ffc94190000 - 0x00007ffc941b2000 	C:\WINDOWS\System32\win32u.dll
0x00007ffc96190000 - 0x00007ffc961bb000 	C:\WINDOWS\System32\GDI32.dll
0x00007ffc943d0000 - 0x00007ffc944df000 	C:\WINDOWS\System32\gdi32full.dll
0x00007ffc948a0000 - 0x00007ffc9493d000 	C:\WINDOWS\System32\msvcp_win.dll
0x00007ffc8c760000 - 0x00007ffc8c76a000 	C:\WINDOWS\SYSTEM32\VERSION.dll
0x00007ffc94bf0000 - 0x00007ffc94c22000 	C:\WINDOWS\System32\IMM32.DLL
0x00007ffc8f290000 - 0x00007ffc8f29c000 	C:\Program Files\Java\jdk-19\bin\vcruntime140_1.dll
0x00007ffc7b260000 - 0x00007ffc7b2ee000 	C:\Program Files\Java\jdk-19\bin\msvcp140.dll
0x00007ffc53e90000 - 0x00007ffc54b50000 	C:\Program Files\Java\jdk-19\bin\server\jvm.dll
0x00007ffc7aae0000 - 0x00007ffc7aae9000 	C:\WINDOWS\SYSTEM32\WSOCK32.dll
0x00007ffc8e460000 - 0x00007ffc8e487000 	C:\WINDOWS\SYSTEM32\WINMM.dll
0x00007ffc950c0000 - 0x00007ffc9512b000 	C:\WINDOWS\System32\WS2_32.dll
0x00007ffc92840000 - 0x00007ffc92852000 	C:\WINDOWS\SYSTEM32\kernel.appcore.dll
0x00007ffc8f220000 - 0x00007ffc8f22a000 	C:\Program Files\Java\jdk-19\bin\jimage.dll
0x00007ffc91da0000 - 0x00007ffc91f84000 	C:\WINDOWS\SYSTEM32\DBGHELP.DLL
0x00007ffc8e360000 - 0x00007ffc8e38c000 	C:\WINDOWS\SYSTEM32\dbgcore.DLL
0x00007ffc944e0000 - 0x00007ffc94562000 	C:\WINDOWS\System32\bcryptPrimitives.dll
0x00007ffc78880000 - 0x00007ffc788a6000 	C:\Program Files\Java\jdk-19\bin\java.dll

dbghelp: loaded successfully - version: 4.0.5 - missing functions: none
symbol engine: initialized successfully - sym options: 0x614 - pdb path: .;C:\Program Files\Java\jdk-19\bin;C:\WINDOWS\SYSTEM32;C:\WINDOWS\WinSxS\amd64_microsoft.windows.common-controls_6595b64144ccf1df_6.0.19041.1110_none_60b5254171f9507e;C:\Program Files\Java\jdk-19\bin\server

VM Arguments:
jvm_args: -Dfile.encoding=UTF-8 --module-path=C:\Users\mecha\eclipse-workspace\PlagiarismChecker\target\classes -XX:+ShowCodeDetailsInExceptionMessages -Djdk.module.main=PlagiarismChecker 
java_command: PlagiarismChecker/client.Interface type the input numbers separated by spaces or newline
java_class_path (initial): <not set>
Launcher Type: SUN_STANDARD

[Global flags]
     intx CICompilerCount                          = 3                                         {product} {ergonomic}
     uint ConcGCThreads                            = 1                                         {product} {ergonomic}
     uint G1ConcRefinementThreads                  = 4                                         {product} {ergonomic}
   size_t G1HeapRegionSize                         = 1048576                                   {product} {ergonomic}
    uintx GCDrainStackTargetSize                   = 64                                        {product} {ergonomic}
   size_t InitialHeapSize                          = 65011712                                  {product} {ergonomic}
   size_t MarkStackSize                            = 4194304                                   {product} {ergonomic}
   size_t MaxHeapSize                              = 1012924416                                {product} {ergonomic}
   size_t MinHeapDeltaBytes                        = 1048576                                   {product} {ergonomic}
   size_t MinHeapSize                              = 8388608                                   {product} {ergonomic}
    uintx NonNMethodCodeHeapSize                   = 5832780                                {pd product} {ergonomic}
    uintx NonProfiledCodeHeapSize                  = 122912730                              {pd product} {ergonomic}
    uintx ProfiledCodeHeapSize                     = 122912730                              {pd product} {ergonomic}
    uintx ReservedCodeCacheSize                    = 251658240                              {pd product} {ergonomic}
     bool SegmentedCodeCache                       = true                                      {product} {ergonomic}
     bool ShowCodeDetailsInExceptionMessages       = true                                   {manageable} {command line}
   size_t SoftMaxHeapSize                          = 1012924416                             {manageable} {ergonomic}
     bool UseCompressedClassPointers               = true                           {product lp64_product} {ergonomic}
     bool UseCompressedOops                        = true                           {product lp64_product} {ergonomic}
     bool UseG1GC                                  = true                                      {product} {ergonomic}
     bool UseLargePagesIndividualAllocation        = false                                  {pd product} {ergonomic}

Logging:
Log output configuration:
 #0: stdout all=warning uptime,level,tags foldmultilines=false
 #1: stderr all=off uptime,level,tags foldmultilines=false

Environment Variables:
PATH=C:\Program Files\Common Files\Oracle\Java\javapath;C:\WINDOWS\system32;C:\WINDOWS;C:\WINDOWS\System32\Wbem;C:\WINDOWS\System32\WindowsPowerShell\v1.0\;C:\WINDOWS\System32\OpenSSH\;C:\Program Files\nodejs\;C:\Program Files\Git\cmd;C:\Users\mecha\AppData\Local\Microsoft\WindowsApps;C:\Users\mecha\AppData\Local\Programs\Microsoft VS Code\bin;C:\Users\mecha\AppData\Roaming\npm;C:\Program Files\heroku\bin;C:\msys64\mingw64\bin;
USERNAME=mecha
LANG=PT
OS=Windows_NT
PROCESSOR_IDENTIFIER=Intel64 Family 6 Model 126 Stepping 5, GenuineIntel
TMP=C:\Users\mecha\AppData\Local\Temp
TEMP=C:\Users\mecha\AppData\Local\Temp



---------------  S Y S T E M  ---------------

OS:
 Windows 10 , 64 bit Build 19041 (10.0.19041.2251)
OS uptime: 5 days 21:29 hours

CPU: total 4 (initial active 4) (2 cores per cpu, 2 threads per core) family 6 model 126 stepping 5 microcode 0xb2, cx8, cmov, fxsr, ht, mmx, 3dnowpref, sse, sse2, sse3, ssse3, sse4.1, sse4.2, popcnt, lzcnt, tsc, tscinvbit, avx, avx2, aes, erms, clmul, bmi1, bmi2, adx, avx512f, avx512dq, avx512cd, avx512bw, avx512vl, sha, fma, vzeroupper, avx512_vpopcntdq, avx512_vpclmulqdq, avx512_vaes, avx512_vnni, clflush, clflushopt, avx512_vbmi2, avx512_vbmi, rdtscp, rdpid, fsrm, gfni, avx512_bitalg

Memory: 4k page, system-wide physical 3862M (492M free)
TotalPageFile size 15638M (AvailPageFile size 38M)
current process WorkingSet (physical memory assigned to process): 10M, peak: 10M
current process commit charge ("private bytes"): 51M, peak: 113M

vm_info: Java HotSpot(TM) 64-Bit Server VM (19+36-2238) for windows-amd64 JRE (19+36-2238), built on 2022-08-12T20:29:01Z by "mach5one" with MS VC++ 17.1 (VS2022)

END.
