#
# There is insufficient memory for the Java Runtime Environment to continue.
# Native memory allocation (malloc) failed to allocate 32744 bytes for Chunk::new
# Possible reasons:
#   The system is out of physical RAM or swap space
#   The process is running with CompressedOops enabled, and the Java Heap may be blocking the growth of the native heap
# Possible solutions:
#   Reduce memory load on the system
#   Increase physical memory or swap space
#   Check if swap backing store is full
#   Decrease Java heap size (-Xmx/-Xms)
#   Decrease number of Java threads
#   Decrease Java thread stack sizes (-Xss)
#   Set larger code cache with -XX:ReservedCodeCacheSize=
#   JVM is running with Unscaled Compressed Oops mode in which the Java heap is
#     placed in the first 4GB address space. The Java Heap base address is the
#     maximum limit for the native heap growth. Please use -XX:HeapBaseMinAddress
#     to set the Java Heap base and to place the Java Heap above 4GB virtual address.
# This output file may be truncated or incomplete.
#
#  Out of Memory Error (arena.cpp:184), pid=1872, tid=5524
#
# JRE version: Java(TM) SE Runtime Environment (19.0+36) (build 19+36-2238)
# Java VM: Java HotSpot(TM) 64-Bit Server VM (19+36-2238, mixed mode, tiered, compressed oops, compressed class ptrs, g1 gc, windows-amd64)
# No core dump will be written. Minidumps are not enabled by default on client versions of Windows
#

---------------  S U M M A R Y ------------

Command Line: -Dfile.encoding=UTF-8 --module-path=C:\Users\mecha\eclipse-workspace\PlagiarismChecker\bin -XX:+ShowCodeDetailsInExceptionMessages -Djdk.module.main=PlagiarismChecker PlagiarismChecker/client.Interface type the input numbers separated by spaces or newline

Host: Intel(R) Core(TM) i3-1005G1 CPU @ 1.20GHz, 4 cores, 3G,  Windows 10 , 64 bit Build 19041 (10.0.19041.2251)
Time: Sat Nov 26 23:26:08 2022 Hora padrão América do Sul Or. elapsed time: 0.515393 seconds (0d 0h 0m 0s)

---------------  T H R E A D  ---------------

Current thread (0x000002bf638bbcf0):  JavaThread "main" [_thread_in_vm, id=5524, stack(0x000000f81be00000,0x000000f81bf00000)]

Stack: [0x000000f81be00000,0x000000f81bf00000]
Native frames: (J=compiled Java code, j=interpreted, Vv=VM code, C=native code)
V  [jvm.dll+0x6ee8fa]
V  [jvm.dll+0x857a1e]
V  [jvm.dll+0x85940e]
V  [jvm.dll+0x859ac3]
V  [jvm.dll+0x28291f]
V  [jvm.dll+0xc9b5f]
V  [jvm.dll+0xc9ee5]
V  [jvm.dll+0x226745]
V  [jvm.dll+0x225556]
V  [jvm.dll+0x7ccb72]
V  [jvm.dll+0x7cdfba]
V  [jvm.dll+0x471656]
C  [java.dll+0x1a55]

Java frames: (J=compiled Java code, j=interpreted, Vv=VM code)
j  java.lang.ClassLoader.findBootstrapClass(Ljava/lang/String;)Ljava/lang/Class;+0 java.base@19
j  java.lang.ClassLoader.findBootstrapClassOrNull(Ljava/lang/String;)Ljava/lang/Class;+10 java.base@19
j  java.lang.System$2.findBootstrapClassOrNull(Ljava/lang/String;)Ljava/lang/Class;+1 java.base@19
j  jdk.internal.loader.ClassLoaders$BootClassLoader.loadClassOrNull(Ljava/lang/String;Z)Ljava/lang/Class;+4 java.base@19
j  jdk.internal.loader.BuiltinClassLoader.loadClassOrNull(Ljava/lang/String;)Ljava/lang/Class;+3 java.base@19
j  jdk.internal.loader.BuiltinClassLoader.loadClassOrNull(Ljava/lang/String;Z)Ljava/lang/Class;+66 java.base@19
j  jdk.internal.loader.BuiltinClassLoader.loadClass(Ljava/lang/String;Z)Ljava/lang/Class;+3 java.base@19
j  jdk.internal.loader.ClassLoaders$AppClassLoader.loadClass(Ljava/lang/String;Z)Ljava/lang/Class;+36 java.base@19
j  java.lang.ClassLoader.loadClass(Ljava/lang/String;)Ljava/lang/Class;+3 java.base@19
v  ~StubRoutines::call_stub 0x000002bf72d510e8
j  client.Interface.main([Ljava/lang/String;)V+0 PlagiarismChecker
v  ~StubRoutines::call_stub 0x000002bf72d510e8

---------------  P R O C E S S  ---------------

Threads class SMR info:
_java_thread_list=0x000002bf0465cf20, length=12, elements={
0x000002bf638bbcf0, 0x000002bf001ef560, 0x000002bf001f0710, 0x000002bf001da760,
0x000002bf001db090, 0x000002bf001cdeb0, 0x000002bf001ce7e0, 0x000002bf001cf440,
0x000002bf04408070, 0x000002bf04482970, 0x000002bf0011c0d0, 0x000002bf046b2f50
}

Java Threads: ( => current thread )
=>0x000002bf638bbcf0 JavaThread "main" [_thread_in_vm, id=5524, stack(0x000000f81be00000,0x000000f81bf00000)]
  0x000002bf001ef560 JavaThread "Reference Handler" daemon [_thread_blocked, id=13100, stack(0x000000f81c500000,0x000000f81c600000)]
  0x000002bf001f0710 JavaThread "Finalizer" daemon [_thread_blocked, id=6416, stack(0x000000f81c600000,0x000000f81c700000)]
  0x000002bf001da760 JavaThread "Signal Dispatcher" daemon [_thread_blocked, id=4888, stack(0x000000f81c700000,0x000000f81c800000)]
  0x000002bf001db090 JavaThread "Attach Listener" daemon [_thread_blocked, id=16928, stack(0x000000f81c800000,0x000000f81c900000)]
  0x000002bf001cdeb0 JavaThread "Service Thread" daemon [_thread_blocked, id=14376, stack(0x000000f81c900000,0x000000f81ca00000)]
  0x000002bf001ce7e0 JavaThread "Monitor Deflation Thread" daemon [_thread_blocked, id=5664, stack(0x000000f81ca00000,0x000000f81cb00000)]
  0x000002bf001cf440 JavaThread "C2 CompilerThread0" daemon [_thread_blocked, id=400, stack(0x000000f81cb00000,0x000000f81cc00000)]
  0x000002bf04408070 JavaThread "C1 CompilerThread0" daemon [_thread_blocked, id=12372, stack(0x000000f81cc00000,0x000000f81cd00000)]
  0x000002bf04482970 JavaThread "Sweeper thread" daemon [_thread_blocked, id=8496, stack(0x000000f81cd00000,0x000000f81ce00000)]
  0x000002bf0011c0d0 JavaThread "Common-Cleaner" daemon [_thread_blocked, id=7780, stack(0x000000f81ce00000,0x000000f81cf00000)]
  0x000002bf046b2f50 JavaThread "Notification Thread" daemon [_thread_blocked, id=3828, stack(0x000000f81cf00000,0x000000f81d000000)]

Other Threads:
  0x000002bf0016d020 VMThread "VM Thread" [stack: 0x000000f81c400000,0x000000f81c500000] [id=19700]
  0x000002bf0477f480 WatcherThread "VM Periodic Task Thread" [stack: 0x000000f81d000000,0x000000f81d100000] [id=2748]
  0x000002bf638faa90 WorkerThread "GC Thread#0" [stack: 0x000000f81bf00000,0x000000f81c000000] [id=20784]
  0x000002bf63903b10 ConcurrentGCThread "G1 Main Marker" [stack: 0x000000f81c000000,0x000000f81c100000] [id=18216]
  0x000002bf63904450 WorkerThread "G1 Conc#0" [stack: 0x000000f81c100000,0x000000f81c200000] [id=19632]
  0x000002bf639578f0 ConcurrentGCThread "G1 Refine#0" [stack: 0x000000f81c200000,0x000000f81c300000] [id=11192]
  0x000002bf63958340 ConcurrentGCThread "G1 Service" [stack: 0x000000f81c300000,0x000000f81c400000] [id=17592]

Threads with active compile tasks:

VM state: not at safepoint (normal execution)

VM Mutex/Monitor currently owned by a thread: None

Heap address: 0x00000000c3a00000, size: 966 MB, Compressed Oops mode: 32-bit

CDS archive(s) not mapped
Compressed class space mapped at: 0x0000000100000000-0x0000000140000000, reserved size: 1073741824
Narrow klass base: 0x0000000000000000, Narrow klass shift: 3, Narrow klass range: 0x140000000

GC Precious Log:
 CardTable entry size: 512
 Card Set container configuration: InlinePtr #cards 5 size 8 Array Of Cards #cards 12 size 40 Howl #buckets 4 coarsen threshold 1843 Howl Bitmap #cards 512 size 80 coarsen threshold 460 Card regions per heap region 1 cards per card region 2048
 CPUs: 4 total, 4 available
 Memory: 3862M
 Large Page Support: Disabled
 NUMA Support: Disabled
 Compressed Oops: Enabled (32-bit)
 Heap Region Size: 1M
 Heap Min Capacity: 8M
 Heap Initial Capacity: 62M
 Heap Max Capacity: 966M
 Pre-touch: Disabled
 Parallel Workers: 4
 Concurrent Workers: 1
 Concurrent Refinement Workers: 4
 Periodic GC: Disabled

Heap:
 garbage-first heap   total 63488K, used 2048K [0x00000000c3a00000, 0x0000000100000000)
  region size 1024K, 3 young (3072K), 0 survivors (0K)
 Metaspace       used 6684K, committed 6784K, reserved 1114112K
  class space    used 552K, committed 640K, reserved 1048576K

Heap Regions: E=young(eden), S=young(survivor), O=old, HS=humongous(starts), HC=humongous(continues), CS=collection set, F=free, OA=open archive, CA=closed archive, TAMS=top-at-mark-start (previous, next)
|   0|0x00000000c3a00000, 0x00000000c3a00000, 0x00000000c3b00000|  0%| F|  |TAMS 0x00000000c3a00000, 0x00000000c3a00000| Untracked 
|   1|0x00000000c3b00000, 0x00000000c3b00000, 0x00000000c3c00000|  0%| F|  |TAMS 0x00000000c3b00000, 0x00000000c3b00000| Untracked 
|   2|0x00000000c3c00000, 0x00000000c3c00000, 0x00000000c3d00000|  0%| F|  |TAMS 0x00000000c3c00000, 0x00000000c3c00000| Untracked 
|   3|0x00000000c3d00000, 0x00000000c3d00000, 0x00000000c3e00000|  0%| F|  |TAMS 0x00000000c3d00000, 0x00000000c3d00000| Untracked 
|   4|0x00000000c3e00000, 0x00000000c3e00000, 0x00000000c3f00000|  0%| F|  |TAMS 0x00000000c3e00000, 0x00000000c3e00000| Untracked 
|   5|0x00000000c3f00000, 0x00000000c3f00000, 0x00000000c4000000|  0%| F|  |TAMS 0x00000000c3f00000, 0x00000000c3f00000| Untracked 
|   6|0x00000000c4000000, 0x00000000c4000000, 0x00000000c4100000|  0%| F|  |TAMS 0x00000000c4000000, 0x00000000c4000000| Untracked 
|   7|0x00000000c4100000, 0x00000000c4100000, 0x00000000c4200000|  0%| F|  |TAMS 0x00000000c4100000, 0x00000000c4100000| Untracked 
|   8|0x00000000c4200000, 0x00000000c4200000, 0x00000000c4300000|  0%| F|  |TAMS 0x00000000c4200000, 0x00000000c4200000| Untracked 
|   9|0x00000000c4300000, 0x00000000c4300000, 0x00000000c4400000|  0%| F|  |TAMS 0x00000000c4300000, 0x00000000c4300000| Untracked 
|  10|0x00000000c4400000, 0x00000000c4400000, 0x00000000c4500000|  0%| F|  |TAMS 0x00000000c4400000, 0x00000000c4400000| Untracked 
|  11|0x00000000c4500000, 0x00000000c4500000, 0x00000000c4600000|  0%| F|  |TAMS 0x00000000c4500000, 0x00000000c4500000| Untracked 
|  12|0x00000000c4600000, 0x00000000c4600000, 0x00000000c4700000|  0%| F|  |TAMS 0x00000000c4600000, 0x00000000c4600000| Untracked 
|  13|0x00000000c4700000, 0x00000000c4700000, 0x00000000c4800000|  0%| F|  |TAMS 0x00000000c4700000, 0x00000000c4700000| Untracked 
|  14|0x00000000c4800000, 0x00000000c4800000, 0x00000000c4900000|  0%| F|  |TAMS 0x00000000c4800000, 0x00000000c4800000| Untracked 
|  15|0x00000000c4900000, 0x00000000c4900000, 0x00000000c4a00000|  0%| F|  |TAMS 0x00000000c4900000, 0x00000000c4900000| Untracked 
|  16|0x00000000c4a00000, 0x00000000c4a00000, 0x00000000c4b00000|  0%| F|  |TAMS 0x00000000c4a00000, 0x00000000c4a00000| Untracked 
|  17|0x00000000c4b00000, 0x00000000c4b00000, 0x00000000c4c00000|  0%| F|  |TAMS 0x00000000c4b00000, 0x00000000c4b00000| Untracked 
|  18|0x00000000c4c00000, 0x00000000c4c00000, 0x00000000c4d00000|  0%| F|  |TAMS 0x00000000c4c00000, 0x00000000c4c00000| Untracked 
|  19|0x00000000c4d00000, 0x00000000c4d00000, 0x00000000c4e00000|  0%| F|  |TAMS 0x00000000c4d00000, 0x00000000c4d00000| Untracked 
|  20|0x00000000c4e00000, 0x00000000c4e00000, 0x00000000c4f00000|  0%| F|  |TAMS 0x00000000c4e00000, 0x00000000c4e00000| Untracked 
|  21|0x00000000c4f00000, 0x00000000c4f00000, 0x00000000c5000000|  0%| F|  |TAMS 0x00000000c4f00000, 0x00000000c4f00000| Untracked 
|  22|0x00000000c5000000, 0x00000000c5000000, 0x00000000c5100000|  0%| F|  |TAMS 0x00000000c5000000, 0x00000000c5000000| Untracked 
|  23|0x00000000c5100000, 0x00000000c5100000, 0x00000000c5200000|  0%| F|  |TAMS 0x00000000c5100000, 0x00000000c5100000| Untracked 
|  24|0x00000000c5200000, 0x00000000c5200000, 0x00000000c5300000|  0%| F|  |TAMS 0x00000000c5200000, 0x00000000c5200000| Untracked 
|  25|0x00000000c5300000, 0x00000000c5300000, 0x00000000c5400000|  0%| F|  |TAMS 0x00000000c5300000, 0x00000000c5300000| Untracked 
|  26|0x00000000c5400000, 0x00000000c5400000, 0x00000000c5500000|  0%| F|  |TAMS 0x00000000c5400000, 0x00000000c5400000| Untracked 
|  27|0x00000000c5500000, 0x00000000c5500000, 0x00000000c5600000|  0%| F|  |TAMS 0x00000000c5500000, 0x00000000c5500000| Untracked 
|  28|0x00000000c5600000, 0x00000000c5600000, 0x00000000c5700000|  0%| F|  |TAMS 0x00000000c5600000, 0x00000000c5600000| Untracked 
|  29|0x00000000c5700000, 0x00000000c5700000, 0x00000000c5800000|  0%| F|  |TAMS 0x00000000c5700000, 0x00000000c5700000| Untracked 
|  30|0x00000000c5800000, 0x00000000c5800000, 0x00000000c5900000|  0%| F|  |TAMS 0x00000000c5800000, 0x00000000c5800000| Untracked 
|  31|0x00000000c5900000, 0x00000000c5900000, 0x00000000c5a00000|  0%| F|  |TAMS 0x00000000c5900000, 0x00000000c5900000| Untracked 
|  32|0x00000000c5a00000, 0x00000000c5a00000, 0x00000000c5b00000|  0%| F|  |TAMS 0x00000000c5a00000, 0x00000000c5a00000| Untracked 
|  33|0x00000000c5b00000, 0x00000000c5b00000, 0x00000000c5c00000|  0%| F|  |TAMS 0x00000000c5b00000, 0x00000000c5b00000| Untracked 
|  34|0x00000000c5c00000, 0x00000000c5c00000, 0x00000000c5d00000|  0%| F|  |TAMS 0x00000000c5c00000, 0x00000000c5c00000| Untracked 
|  35|0x00000000c5d00000, 0x00000000c5d00000, 0x00000000c5e00000|  0%| F|  |TAMS 0x00000000c5d00000, 0x00000000c5d00000| Untracked 
|  36|0x00000000c5e00000, 0x00000000c5e00000, 0x00000000c5f00000|  0%| F|  |TAMS 0x00000000c5e00000, 0x00000000c5e00000| Untracked 
|  37|0x00000000c5f00000, 0x00000000c5f00000, 0x00000000c6000000|  0%| F|  |TAMS 0x00000000c5f00000, 0x00000000c5f00000| Untracked 
|  38|0x00000000c6000000, 0x00000000c6000000, 0x00000000c6100000|  0%| F|  |TAMS 0x00000000c6000000, 0x00000000c6000000| Untracked 
|  39|0x00000000c6100000, 0x00000000c6100000, 0x00000000c6200000|  0%| F|  |TAMS 0x00000000c6100000, 0x00000000c6100000| Untracked 
|  40|0x00000000c6200000, 0x00000000c6200000, 0x00000000c6300000|  0%| F|  |TAMS 0x00000000c6200000, 0x00000000c6200000| Untracked 
|  41|0x00000000c6300000, 0x00000000c6300000, 0x00000000c6400000|  0%| F|  |TAMS 0x00000000c6300000, 0x00000000c6300000| Untracked 
|  42|0x00000000c6400000, 0x00000000c6400000, 0x00000000c6500000|  0%| F|  |TAMS 0x00000000c6400000, 0x00000000c6400000| Untracked 
|  43|0x00000000c6500000, 0x00000000c6500000, 0x00000000c6600000|  0%| F|  |TAMS 0x00000000c6500000, 0x00000000c6500000| Untracked 
|  44|0x00000000c6600000, 0x00000000c6600000, 0x00000000c6700000|  0%| F|  |TAMS 0x00000000c6600000, 0x00000000c6600000| Untracked 
|  45|0x00000000c6700000, 0x00000000c6700000, 0x00000000c6800000|  0%| F|  |TAMS 0x00000000c6700000, 0x00000000c6700000| Untracked 
|  46|0x00000000c6800000, 0x00000000c6800000, 0x00000000c6900000|  0%| F|  |TAMS 0x00000000c6800000, 0x00000000c6800000| Untracked 
|  47|0x00000000c6900000, 0x00000000c6900000, 0x00000000c6a00000|  0%| F|  |TAMS 0x00000000c6900000, 0x00000000c6900000| Untracked 
|  48|0x00000000c6a00000, 0x00000000c6a00000, 0x00000000c6b00000|  0%| F|  |TAMS 0x00000000c6a00000, 0x00000000c6a00000| Untracked 
|  49|0x00000000c6b00000, 0x00000000c6b00000, 0x00000000c6c00000|  0%| F|  |TAMS 0x00000000c6b00000, 0x00000000c6b00000| Untracked 
|  50|0x00000000c6c00000, 0x00000000c6c00000, 0x00000000c6d00000|  0%| F|  |TAMS 0x00000000c6c00000, 0x00000000c6c00000| Untracked 
|  51|0x00000000c6d00000, 0x00000000c6d00000, 0x00000000c6e00000|  0%| F|  |TAMS 0x00000000c6d00000, 0x00000000c6d00000| Untracked 
|  52|0x00000000c6e00000, 0x00000000c6e00000, 0x00000000c6f00000|  0%| F|  |TAMS 0x00000000c6e00000, 0x00000000c6e00000| Untracked 
|  53|0x00000000c6f00000, 0x00000000c6f00000, 0x00000000c7000000|  0%| F|  |TAMS 0x00000000c6f00000, 0x00000000c6f00000| Untracked 
|  54|0x00000000c7000000, 0x00000000c7000000, 0x00000000c7100000|  0%| F|  |TAMS 0x00000000c7000000, 0x00000000c7000000| Untracked 
|  55|0x00000000c7100000, 0x00000000c7100000, 0x00000000c7200000|  0%| F|  |TAMS 0x00000000c7100000, 0x00000000c7100000| Untracked 
|  56|0x00000000c7200000, 0x00000000c7200000, 0x00000000c7300000|  0%| F|  |TAMS 0x00000000c7200000, 0x00000000c7200000| Untracked 
|  57|0x00000000c7300000, 0x00000000c7300000, 0x00000000c7400000|  0%| F|  |TAMS 0x00000000c7300000, 0x00000000c7300000| Untracked 
|  58|0x00000000c7400000, 0x00000000c7400000, 0x00000000c7500000|  0%| F|  |TAMS 0x00000000c7400000, 0x00000000c7400000| Untracked 
|  59|0x00000000c7500000, 0x00000000c7543148, 0x00000000c7600000| 26%| E|  |TAMS 0x00000000c7500000, 0x00000000c7500000| Complete 
|  60|0x00000000c7600000, 0x00000000c7700000, 0x00000000c7700000|100%| E|CS|TAMS 0x00000000c7600000, 0x00000000c7600000| Complete 
|  61|0x00000000c7700000, 0x00000000c7800000, 0x00000000c7800000|100%| E|CS|TAMS 0x00000000c7700000, 0x00000000c7700000| Complete 

Card table byte_map: [0x000002bf7aa10000,0x000002bf7ac00000] _byte_map_base: 0x000002bf7a3f3000

Marking Bits (Prev, Next): (CMBitMap*) 0x000002bf638fafe0, (CMBitMap*) 0x000002bf638fb020
 Prev Bits: [0x000002bf7adf0000, 0x000002bf7bd08000)
 Next Bits: [0x000002bf7bd10000, 0x000002bf7cc28000)

Polling page: 0x000002bf61a40000

Metaspace:

Usage:
  Non-class:      5.99 MB used.
      Class:    552.25 KB used.
       Both:      6.53 MB used.

Virtual space:
  Non-class space:       64.00 MB reserved,       6.00 MB (  9%) committed,  1 nodes.
      Class space:        1.00 GB reserved,     640.00 KB ( <1%) committed,  1 nodes.
             Both:        1.06 GB reserved,       6.62 MB ( <1%) committed. 

Chunk freelists:
   Non-Class:  2.00 MB
       Class:  3.25 MB
        Both:  5.25 MB

MaxMetaspaceSize: unlimited
CompressedClassSpaceSize: 1.00 GB
Initial GC threshold: 21.00 MB
Current GC threshold: 21.00 MB
CDS: off
MetaspaceReclaimPolicy: balanced
 - commit_granule_bytes: 65536.
 - commit_granule_words: 8192.
 - virtual_space_node_default_size: 8388608.
 - enlarge_chunks_in_place: 1.
 - new_chunks_are_fully_committed: 0.
 - uncommit_free_chunks: 1.
 - use_allocation_guard: 0.


Internal statistics:

num_allocs_failed_limit: 0.
num_arena_births: 12.
num_arena_deaths: 0.
num_vsnodes_births: 2.
num_vsnodes_deaths: 0.
num_space_committed: 106.
num_space_uncommitted: 0.
num_chunks_returned_to_freelist: 0.
num_chunks_taken_from_freelist: 28.
num_chunk_merges: 0.
num_chunk_splits: 11.
num_chunks_enlarged: 4.
num_inconsistent_stats: 0.

CodeHeap 'non-profiled nmethods': size=120000Kb used=58Kb max_used=58Kb free=119941Kb
 bounds [0x000002bf732f0000, 0x000002bf73560000, 0x000002bf7a820000]
CodeHeap 'profiled nmethods': size=120000Kb used=243Kb max_used=243Kb free=119756Kb
 bounds [0x000002bf6b820000, 0x000002bf6ba90000, 0x000002bf72d50000]
CodeHeap 'non-nmethods': size=5760Kb used=1207Kb max_used=1224Kb free=4552Kb
 bounds [0x000002bf72d50000, 0x000002bf72fc0000, 0x000002bf732f0000]
 total_blobs=582 nmethods=193 adapters=300
 compilation: enabled
              stopped_count=0, restarted_count=0
 full_count=0

Compilation events (20 events):
Event: 0.488 Thread 0x000002bf04408070 nmethod 182 0x000002bf732fca90 code [0x000002bf732fcc20, 0x000002bf732fccd8]
Event: 0.489 Thread 0x000002bf04408070  183       3       java.util.HashMap::<init> (11 bytes)
Event: 0.490 Thread 0x000002bf04408070 nmethod 183 0x000002bf6b85a010 code [0x000002bf6b85a1c0, 0x000002bf6b85a398]
Event: 0.490 Thread 0x000002bf04408070  184       3       java.util.AbstractSet::<init> (5 bytes)
Event: 0.490 Thread 0x000002bf04408070 nmethod 184 0x000002bf6b85a490 code [0x000002bf6b85a640, 0x000002bf6b85a7f8]
Event: 0.491 Thread 0x000002bf04408070  185       3       java.util.HashSet::<init> (16 bytes)
Event: 0.491 Thread 0x000002bf04408070 nmethod 185 0x000002bf6b85a910 code [0x000002bf6b85aae0, 0x000002bf6b85aed8]
Event: 0.491 Thread 0x000002bf001cf440  186       4       java.util.HashMap::putVal (300 bytes)
Event: 0.493 Thread 0x000002bf04408070  188       1       java.lang.module.ModuleDescriptor$Provides::service (5 bytes)
Event: 0.493 Thread 0x000002bf04408070 nmethod 188 0x000002bf732fcd90 code [0x000002bf732fcf20, 0x000002bf732fcfd8]
Event: 0.493 Thread 0x000002bf04408070  189       3       java.util.HashMap$HashIterator::<init> (79 bytes)
Event: 0.494 Thread 0x000002bf04408070 nmethod 189 0x000002bf6b85b090 code [0x000002bf6b85b260, 0x000002bf6b85b698]
Event: 0.494 Thread 0x000002bf04408070  190       3       java.lang.AbstractStringBuilder::<init> (39 bytes)
Event: 0.494 Thread 0x000002bf04408070 nmethod 190 0x000002bf6b85b810 code [0x000002bf6b85b9c0, 0x000002bf6b85bc38]
Event: 0.494 Thread 0x000002bf04408070  191       3       java.lang.StringBuilder::toString (9 bytes)
Event: 0.494 Thread 0x000002bf04408070 nmethod 191 0x000002bf6b85bd10 code [0x000002bf6b85bec0, 0x000002bf6b85c0c8]
Event: 0.494 Thread 0x000002bf04408070  192       3       java.lang.String::<init> (7 bytes)
Event: 0.494 Thread 0x000002bf04408070 nmethod 192 0x000002bf6b85c190 code [0x000002bf6b85c340, 0x000002bf6b85c488]
Event: 0.494 Thread 0x000002bf04408070  193       3       java.lang.String::<init> (99 bytes)
Event: 0.495 Thread 0x000002bf04408070 nmethod 193 0x000002bf6b85c510 code [0x000002bf6b85c720, 0x000002bf6b85cd08]

GC Heap History (0 events):
No events

Dll operation events (4 events):
Event: 0.026 Loaded shared library C:\Program Files\Java\jdk-19\bin\java.dll
Event: 0.101 Loaded shared library C:\Program Files\Java\jdk-19\bin\jsvml.dll
Event: 0.386 Loaded shared library C:\Program Files\Java\jdk-19\bin\net.dll
Event: 0.392 Loaded shared library C:\Program Files\Java\jdk-19\bin\nio.dll

Deoptimization events (4 events):
Event: 0.505 Thread 0x000002bf638bbcf0 Uncommon trap: trap_request=0xffffff45 fr.pc=0x000002bf732f8b44 relative=0x00000000000000a4
Event: 0.505 Thread 0x000002bf638bbcf0 Uncommon trap: reason=unstable_if action=reinterpret pc=0x000002bf732f8b44 method=java.lang.String.isLatin1()Z @ 10 c2
Event: 0.505 Thread 0x000002bf638bbcf0 DEOPT PACKING pc=0x000002bf732f8b44 sp=0x000000f81befed10
Event: 0.505 Thread 0x000002bf638bbcf0 DEOPT UNPACKING pc=0x000002bf72dba5a3 sp=0x000000f81befec50 mode 2

Classes loaded (20 events):
Event: 0.509 Loading class java/security/Permission done
Event: 0.509 Loading class java/security/BasicPermission done
Event: 0.509 Loading class java/lang/RuntimePermission done
Event: 0.509 Loading class java/security/BasicPermissionCollection
Event: 0.510 Loading class java/security/BasicPermissionCollection done
Event: 0.510 Loading class java/security/AllPermission
Event: 0.510 Loading class java/security/AllPermission done
Event: 0.510 Loading class java/security/UnresolvedPermission
Event: 0.511 Loading class java/security/UnresolvedPermission done
Event: 0.511 Loading class java/security/SecureClassLoader$DebugHolder
Event: 0.511 Loading class java/security/SecureClassLoader$DebugHolder done
Event: 0.511 Loading class sun/security/util/Debug
Event: 0.511 Loading class sun/security/util/Debug done
Event: 0.512 Loading class java/lang/NamedPackage
Event: 0.512 Loading class java/lang/NamedPackage done
Event: 0.512 Loading class java/io/FileNotFoundException
Event: 0.512 Loading class java/io/IOException
Event: 0.512 Loading class java/io/IOException done
Event: 0.512 Loading class java/io/FileNotFoundException done
Event: 0.512 Loading class java/util/Scanner

Classes unloaded (0 events):
No events

Classes redefined (0 events):
No events

Internal exceptions (1 events):
Event: 0.430 Thread 0x000002bf638bbcf0 Exception <a 'java/lang/NoSuchMethodError'{0x00000000c7636f80}: 'void java.lang.invoke.DirectMethodHandle$Holder.invokeVirtual(java.lang.Object, java.lang.Object)'> (0x00000000c7636f80) 
thrown [s\open\src\hotspot\share\interpreter\linkResolver.cpp, line 774]

VM Operations (2 events):
Event: 0.476 Executing VM operation: HandshakeAllThreads
Event: 0.476 Executing VM operation: HandshakeAllThreads done

Events (12 events):
Event: 0.102 Thread 0x000002bf638bbcf0 Thread added: 0x000002bf638bbcf0
Event: 0.176 Thread 0x000002bf001ef560 Thread added: 0x000002bf001ef560
Event: 0.177 Thread 0x000002bf001f0710 Thread added: 0x000002bf001f0710
Event: 0.180 Thread 0x000002bf001da760 Thread added: 0x000002bf001da760
Event: 0.180 Thread 0x000002bf001db090 Thread added: 0x000002bf001db090
Event: 0.180 Thread 0x000002bf001cdeb0 Thread added: 0x000002bf001cdeb0
Event: 0.180 Thread 0x000002bf001ce7e0 Thread added: 0x000002bf001ce7e0
Event: 0.180 Thread 0x000002bf001cf440 Thread added: 0x000002bf001cf440
Event: 0.181 Thread 0x000002bf04408070 Thread added: 0x000002bf04408070
Event: 0.182 Thread 0x000002bf04482970 Thread added: 0x000002bf04482970
Event: 0.350 Thread 0x000002bf0011c0d0 Thread added: 0x000002bf0011c0d0
Event: 0.496 Thread 0x000002bf046b2f50 Thread added: 0x000002bf046b2f50


Dynamic libraries:
0x00007ff7b3a10000 - 0x00007ff7b3a20000 	C:\Program Files\Java\jdk-19\bin\javaw.exe
0x00007ffba7950000 - 0x00007ffba7b48000 	C:\WINDOWS\SYSTEM32\ntdll.dll
0x00007ffba5ab0000 - 0x00007ffba5b6f000 	C:\WINDOWS\System32\KERNEL32.DLL
0x00007ffba5530000 - 0x00007ffba5802000 	C:\WINDOWS\System32\KERNELBASE.dll
0x00007ffba5270000 - 0x00007ffba5370000 	C:\WINDOWS\System32\ucrtbase.dll
0x00007ffb946b0000 - 0x00007ffb946c8000 	C:\Program Files\Java\jdk-19\bin\jli.dll
0x00007ffba62d0000 - 0x00007ffba637e000 	C:\WINDOWS\System32\ADVAPI32.dll
0x00007ffba63e0000 - 0x00007ffba647e000 	C:\WINDOWS\System32\msvcrt.dll
0x00007ffba6850000 - 0x00007ffba68ec000 	C:\WINDOWS\System32\sechost.dll
0x00007ffba72e0000 - 0x00007ffba7405000 	C:\WINDOWS\System32\RPCRT4.dll
0x00007ffb94690000 - 0x00007ffb946ab000 	C:\Program Files\Java\jdk-19\bin\VCRUNTIME140.dll
0x00007ffba69b0000 - 0x00007ffba6b4d000 	C:\WINDOWS\System32\USER32.dll
0x00007ffba5970000 - 0x00007ffba5992000 	C:\WINDOWS\System32\win32u.dll
0x00007ffba5a80000 - 0x00007ffba5aab000 	C:\WINDOWS\System32\GDI32.dll
0x00007ffba5420000 - 0x00007ffba552f000 	C:\WINDOWS\System32\gdi32full.dll
0x00007ffba51d0000 - 0x00007ffba526d000 	C:\WINDOWS\System32\msvcp_win.dll
0x00007ffb9c710000 - 0x00007ffb9c9aa000 	C:\WINDOWS\WinSxS\amd64_microsoft.windows.common-controls_6595b64144ccf1df_6.0.19041.1110_none_60b5254171f9507e\COMCTL32.dll
0x00007ffb9d130000 - 0x00007ffb9d13a000 	C:\WINDOWS\SYSTEM32\VERSION.dll
0x00007ffba6d00000 - 0x00007ffba6d32000 	C:\WINDOWS\System32\IMM32.DLL
0x00007ffb9e2f0000 - 0x00007ffb9e2fc000 	C:\Program Files\Java\jdk-19\bin\vcruntime140_1.dll
0x00007ffb7a0b0000 - 0x00007ffb7a13e000 	C:\Program Files\Java\jdk-19\bin\msvcp140.dll
0x00007ffb66da0000 - 0x00007ffb67a60000 	C:\Program Files\Java\jdk-19\bin\server\jvm.dll
0x00007ffb9f6f0000 - 0x00007ffb9f6f9000 	C:\WINDOWS\SYSTEM32\WSOCK32.dll
0x00007ffba6690000 - 0x00007ffba66fb000 	C:\WINDOWS\System32\WS2_32.dll
0x00007ffba05c0000 - 0x00007ffba05e7000 	C:\WINDOWS\SYSTEM32\WINMM.dll
0x00007ffba38a0000 - 0x00007ffba38b2000 	C:\WINDOWS\SYSTEM32\kernel.appcore.dll
0x00007ffb9ce40000 - 0x00007ffb9ce4a000 	C:\Program Files\Java\jdk-19\bin\jimage.dll
0x00007ffba2e00000 - 0x00007ffba2fe4000 	C:\WINDOWS\SYSTEM32\DBGHELP.DLL
0x00007ffba0590000 - 0x00007ffba05bc000 	C:\WINDOWS\SYSTEM32\dbgcore.DLL
0x00007ffba50a0000 - 0x00007ffba5122000 	C:\WINDOWS\System32\bcryptPrimitives.dll
0x00007ffb93f00000 - 0x00007ffb93f26000 	C:\Program Files\Java\jdk-19\bin\java.dll
0x00007ffb6fcd0000 - 0x00007ffb6fda7000 	C:\Program Files\Java\jdk-19\bin\jsvml.dll
0x00007ffba5b70000 - 0x00007ffba62b3000 	C:\WINDOWS\System32\SHELL32.dll
0x00007ffba30f0000 - 0x00007ffba3882000 	C:\WINDOWS\SYSTEM32\windows.storage.dll
0x00007ffba75b0000 - 0x00007ffba7904000 	C:\WINDOWS\System32\combase.dll
0x00007ffba49d0000 - 0x00007ffba4a00000 	C:\WINDOWS\SYSTEM32\Wldp.dll
0x00007ffba68f0000 - 0x00007ffba699d000 	C:\WINDOWS\System32\SHCORE.dll
0x00007ffba6630000 - 0x00007ffba6685000 	C:\WINDOWS\System32\shlwapi.dll
0x00007ffba4f90000 - 0x00007ffba4faf000 	C:\WINDOWS\SYSTEM32\profapi.dll
0x00007ffb94340000 - 0x00007ffb94353000 	C:\Program Files\Java\jdk-19\bin\net.dll
0x00007ffb99e20000 - 0x00007ffb99f2c000 	C:\WINDOWS\SYSTEM32\WINHTTP.dll
0x00007ffba4730000 - 0x00007ffba479a000 	C:\WINDOWS\system32\mswsock.dll
0x00007ffb940d0000 - 0x00007ffb940e6000 	C:\Program Files\Java\jdk-19\bin\nio.dll

dbghelp: loaded successfully - version: 4.0.5 - missing functions: none
symbol engine: initialized successfully - sym options: 0x614 - pdb path: .;C:\Program Files\Java\jdk-19\bin;C:\WINDOWS\SYSTEM32;C:\WINDOWS\WinSxS\amd64_microsoft.windows.common-controls_6595b64144ccf1df_6.0.19041.1110_none_60b5254171f9507e;C:\Program Files\Java\jdk-19\bin\server

VM Arguments:
jvm_args: -Dfile.encoding=UTF-8 --module-path=C:\Users\mecha\eclipse-workspace\PlagiarismChecker\bin -XX:+ShowCodeDetailsInExceptionMessages -Djdk.module.main=PlagiarismChecker 
java_command: PlagiarismChecker/client.Interface type the input numbers separated by spaces or newline
java_class_path (initial): <not set>
Launcher Type: SUN_STANDARD

[Global flags]
     intx CICompilerCount                          = 3                                         {product} {ergonomic}
     uint ConcGCThreads                            = 1                                         {product} {ergonomic}
     uint G1ConcRefinementThreads                  = 4                                         {product} {ergonomic}
   size_t G1HeapRegionSize                         = 1048576                                   {product} {ergonomic}
    uintx GCDrainStackTargetSize                   = 64                                        {product} {ergonomic}
   size_t InitialHeapSize                          = 65011712                                  {product} {ergonomic}
   size_t MarkStackSize                            = 4194304                                   {product} {ergonomic}
   size_t MaxHeapSize                              = 1012924416                                {product} {ergonomic}
   size_t MaxNewSize                               = 607125504                                 {product} {ergonomic}
   size_t MinHeapDeltaBytes                        = 1048576                                   {product} {ergonomic}
   size_t MinHeapSize                              = 8388608                                   {product} {ergonomic}
    uintx NonNMethodCodeHeapSize                   = 5832780                                {pd product} {ergonomic}
    uintx NonProfiledCodeHeapSize                  = 122912730                              {pd product} {ergonomic}
    uintx ProfiledCodeHeapSize                     = 122912730                              {pd product} {ergonomic}
    uintx ReservedCodeCacheSize                    = 251658240                              {pd product} {ergonomic}
     bool SegmentedCodeCache                       = true                                      {product} {ergonomic}
     bool ShowCodeDetailsInExceptionMessages       = true                                   {manageable} {command line}
   size_t SoftMaxHeapSize                          = 1012924416                             {manageable} {ergonomic}
     bool UseCompressedClassPointers               = true                           {product lp64_product} {ergonomic}
     bool UseCompressedOops                        = true                           {product lp64_product} {ergonomic}
     bool UseG1GC                                  = true                                      {product} {ergonomic}
     bool UseLargePagesIndividualAllocation        = false                                  {pd product} {ergonomic}

Logging:
Log output configuration:
 #0: stdout all=warning uptime,level,tags foldmultilines=false
 #1: stderr all=off uptime,level,tags foldmultilines=false

Environment Variables:
PATH=C:\Program Files\Common Files\Oracle\Java\javapath;C:\WINDOWS\system32;C:\WINDOWS;C:\WINDOWS\System32\Wbem;C:\WINDOWS\System32\WindowsPowerShell\v1.0\;C:\WINDOWS\System32\OpenSSH\;C:\Program Files\nodejs\;C:\Program Files\Git\cmd;C:\Users\mecha\AppData\Local\Microsoft\WindowsApps;C:\Users\mecha\AppData\Local\Programs\Microsoft VS Code\bin;C:\Users\mecha\AppData\Roaming\npm;C:\Program Files\heroku\bin;C:\msys64\mingw64\bin;
USERNAME=mecha
LANG=PT
OS=Windows_NT
PROCESSOR_IDENTIFIER=Intel64 Family 6 Model 126 Stepping 5, GenuineIntel
TMP=C:\Users\mecha\AppData\Local\Temp
TEMP=C:\Users\mecha\AppData\Local\Temp



---------------  S Y S T E M  ---------------

OS:
 Windows 10 , 64 bit Build 19041 (10.0.19041.2251)
OS uptime: 11 days 16:00 hours

CPU: total 4 (initial active 4) (2 cores per cpu, 2 threads per core) family 6 model 126 stepping 5 microcode 0xb2, cx8, cmov, fxsr, ht, mmx, 3dnowpref, sse, sse2, sse3, ssse3, sse4.1, sse4.2, popcnt, lzcnt, tsc, tscinvbit, avx, avx2, aes, erms, clmul, bmi1, bmi2, adx, avx512f, avx512dq, avx512cd, avx512bw, avx512vl, sha, fma, vzeroupper, avx512_vpopcntdq, avx512_vpclmulqdq, avx512_vaes, avx512_vnni, clflush, clflushopt, avx512_vbmi2, avx512_vbmi, rdtscp, rdpid, fsrm, gfni, avx512_bitalg

Memory: 4k page, system-wide physical 3862M (78M free)
TotalPageFile size 15638M (AvailPageFile size 0M)
current process WorkingSet (physical memory assigned to process): 32M, peak: 32M
current process commit charge ("private bytes"): 130M, peak: 130M

vm_info: Java HotSpot(TM) 64-Bit Server VM (19+36-2238) for windows-amd64 JRE (19+36-2238), built on 2022-08-12T20:29:01Z by "mach5one" with MS VC++ 17.1 (VS2022)

END.
